# JRE version: OpenJDK Runtime Environment (8.0_152-b06) (build 1.8.0_152-release-1136-b06)
# Java VM: OpenJDK 64-Bit Server VM (25.152-b06 mixed mode windows-amd64 compressed oops)
Heap:
 PSYoungGen      total 451072K, used 270640K [0x00000000e0000000, 0x00000000fe480000, 0x0000000100000000)
  eden space 427008K, 61% used [0x00000000e0000000,0x00000000f02757e0,0x00000000fa100000)
  from space 24064K, 24% used [0x00000000fa100000,0x00000000fa6d69d8,0x00000000fb880000)
  to   space 21504K, 0% used [0x00000000fcf80000,0x00000000fcf80000,0x00000000fe480000)
 ParOldGen       total 80384K, used 62692K [0x00000000a0000000, 0x00000000a4e80000, 0x00000000e0000000)
  object space 80384K, 77% used [0x00000000a0000000,0x00000000a3d393a8,0x00000000a4e80000)
 Metaspace       used 82167K, capacity 85158K, committed 85504K, reserved 1124352K
  class space    used 10583K, capacity 11193K, committed 11264K, reserved 1048576K
GC Heap History (10 events):
Event: 239.140 GC heap before
{Heap before GC invocations=24 (full 3):
 PSYoungGen      total 412672K, used 395139K [0x00000000e0000000, 0x00000000fab00000, 0x0000000100000000)
  eden space 388096K, 100% used [0x00000000e0000000,0x00000000f7b00000,0x00000000f7b00000)
  from space 24576K, 28% used [0x00000000f9300000,0x00000000f99e0f28,0x00000000fab00000)
  to   space 24576K, 0% used [0x00000000f7b00000,0x00000000f7b00000,0x00000000f9300000)
 ParOldGen       total 80384K, used 62668K [0x00000000a0000000, 0x00000000a4e80000, 0x00000000e0000000)
  object space 80384K, 77% used [0x00000000a0000000,0x00000000a3d333a8,0x00000000a4e80000)
 Metaspace       used 81780K, capacity 84736K, committed 84992K, reserved 1122304K
  class space    used 10573K, capacity 11188K, committed 11264K, reserved 1048576K
Event: 239.185 GC heap after
Heap after GC invocations=24 (full 3):
 PSYoungGen      total 412672K, used 5621K [0x00000000e0000000, 0x00000000fd180000, 0x0000000100000000)
  eden space 388096K, 0% used [0x00000000e0000000,0x00000000e0000000,0x00000000f7b00000)
  from space 24576K, 22% used [0x00000000f7b00000,0x00000000f807d410,0x00000000f9300000)
  to   space 24064K, 0% used [0x00000000fba00000,0x00000000fba00000,0x00000000fd180000)
 ParOldGen       total 80384K, used 62668K [0x00000000a0000000, 0x00000000a4e80000, 0x00000000e0000000)
  object space 80384K, 77% used [0x00000000a0000000,0x00000000a3d333a8,0x00000000a4e80000)
 Metaspace       used 81780K, capacity 84736K, committed 84992K, reserved 1122304K
  class space    used 10573K, capacity 11188K, committed 11264K, reserved 1048576K
}
Event: 243.865 GC heap before
{Heap before GC invocations=25 (full 3):
 PSYoungGen      total 412672K, used 393717K [0x00000000e0000000, 0x00000000fd180000, 0x0000000100000000)
  eden space 388096K, 100% used [0x00000000e0000000,0x00000000f7b00000,0x00000000f7b00000)
  from space 24576K, 22% used [0x00000000f7b00000,0x00000000f807d410,0x00000000f9300000)
  to   space 24064K, 0% used [0x00000000fba00000,0x00000000fba00000,0x00000000fd180000)
 ParOldGen       total 80384K, used 62668K [0x00000000a0000000, 0x00000000a4e80000, 0x00000000e0000000)
  object space 80384K, 77% used [0x00000000a0000000,0x00000000a3d333a8,0x00000000a4e80000)
 Metaspace       used 81897K, capacity 84876K, committed 84992K, reserved 1122304K
  class space    used 10580K, capacity 11190K, committed 11264K, reserved 1048576K
Event: 243.900 GC heap after
Heap after GC invocations=25 (full 3):
 PSYoungGen      total 449536K, used 5081K [0x00000000e0000000, 0x00000000fd000000, 0x0000000100000000)
  eden space 427008K, 0% used [0x00000000e0000000,0x00000000e0000000,0x00000000fa100000)
  from space 22528K, 22% used [0x00000000fba00000,0x00000000fbef6768,0x00000000fd000000)
  to   space 24064K, 0% used [0x00000000fa100000,0x00000000fa100000,0x00000000fb880000)
 ParOldGen       total 80384K, used 62676K [0x00000000a0000000, 0x00000000a4e80000, 0x00000000e0000000)
  object space 80384K, 77% used [0x00000000a0000000,0x00000000a3d353a8,0x00000000a4e80000)
 Metaspace       used 81897K, capacity 84876K, committed 84992K, reserved 1122304K
  class space    used 10580K, capacity 11190K, committed 11264K, reserved 1048576K
}
Event: 251.459 GC heap before
{Heap before GC invocations=26 (full 3):
 PSYoungGen      total 449536K, used 432089K [0x00000000e0000000, 0x00000000fd000000, 0x0000000100000000)
  eden space 427008K, 100% used [0x00000000e0000000,0x00000000fa100000,0x00000000fa100000)
  from space 22528K, 22% used [0x00000000fba00000,0x00000000fbef6768,0x00000000fd000000)
  to   space 24064K, 0% used [0x00000000fa100000,0x00000000fa100000,0x00000000fb880000)
 ParOldGen       total 80384K, used 62676K [0x00000000a0000000, 0x00000000a4e80000, 0x00000000e0000000)
  object space 80384K, 77% used [0x00000000a0000000,0x00000000a3d353a8,0x00000000a4e80000)
 Metaspace       used 81988K, capacity 84940K, committed 85248K, reserved 1124352K
  class space    used 10582K, capacity 11190K, committed 11264K, reserved 1048576K
Event: 251.495 GC heap after
Heap after GC invocations=26 (full 3):
 PSYoungGen      total 451072K, used 6015K [0x00000000e0000000, 0x00000000fd000000, 0x0000000100000000)
  eden space 427008K, 0% used [0x00000000e0000000,0x00000000e0000000,0x00000000fa100000)
  from space 24064K, 24% used [0x00000000fa100000,0x00000000fa6dfc20,0x00000000fb880000)
  to   space 22528K, 0% used [0x00000000fba00000,0x00000000fba00000,0x00000000fd000000)
 ParOldGen       total 80384K, used 62684K [0x00000000a0000000, 0x00000000a4e80000, 0x00000000e0000000)
  object space 80384K, 77% used [0x00000000a0000000,0x00000000a3d373a8,0x00000000a4e80000)
 Metaspace       used 81988K, capacity 84940K, committed 85248K, reserved 1124352K
  class space    used 10582K, capacity 11190K, committed 11264K, reserved 1048576K
}
Event: 260.074 GC heap before
{Heap before GC invocations=27 (full 3):
 PSYoungGen      total 451072K, used 433023K [0x00000000e0000000, 0x00000000fd000000, 0x0000000100000000)
  eden space 427008K, 100% used [0x00000000e0000000,0x00000000fa100000,0x00000000fa100000)
  from space 24064K, 24% used [0x00000000fa100000,0x00000000fa6dfc20,0x00000000fb880000)
  to   space 22528K, 0% used [0x00000000fba00000,0x00000000fba00000,0x00000000fd000000)
 ParOldGen       total 80384K, used 62684K [0x00000000a0000000, 0x00000000a4e80000, 0x00000000e0000000)
  object space 80384K, 77% used [0x00000000a0000000,0x00000000a3d373a8,0x00000000a4e80000)
 Metaspace       used 82093K, capacity 85082K, committed 85248K, reserved 1124352K
  class space    used 10582K, capacity 11191K, committed 11264K, reserved 1048576K
Event: 260.103 GC heap after
Heap after GC invocations=27 (full 3):
 PSYoungGen      total 449536K, used 7547K [0x00000000e0000000, 0x00000000fd000000, 0x0000000100000000)
  eden space 427008K, 0% used [0x00000000e0000000,0x00000000e0000000,0x00000000fa100000)
  from space 22528K, 33% used [0x00000000fba00000,0x00000000fc15ef08,0x00000000fd000000)
  to   space 24064K, 0% used [0x00000000fa100000,0x00000000fa100000,0x00000000fb880000)
 ParOldGen       total 80384K, used 62692K [0x00000000a0000000, 0x00000000a4e80000, 0x00000000e0000000)
  object space 80384K, 77% used [0x00000000a0000000,0x00000000a3d393a8,0x00000000a4e80000)
 Metaspace       used 82093K, capacity 85082K, committed 85248K, reserved 1124352K
  class space    used 10582K, capacity 11191K, committed 11264K, reserved 1048576K
}
Event: 266.852 GC heap before
{Heap before GC invocations=28 (full 3):
 PSYoungGen      total 449536K, used 434555K [0x00000000e0000000, 0x00000000fd000000, 0x0000000100000000)
  eden space 427008K, 100% used [0x00000000e0000000,0x00000000fa100000,0x00000000fa100000)
  from space 22528K, 33% used [0x00000000fba00000,0x00000000fc15ef08,0x00000000fd000000)
  to   space 24064K, 0% used [0x00000000fa100000,0x00000000fa100000,0x00000000fb880000)
 ParOldGen       total 80384K, used 62692K [0x00000000a0000000, 0x00000000a4e80000, 0x00000000e0000000)
  object space 80384K, 77% used [0x00000000a0000000,0x00000000a3d393a8,0x00000000a4e80000)
 Metaspace       used 82152K, capacity 85158K, committed 85504K, reserved 1124352K
  class space    used 10583K, capacity 11193K, committed 11264K, reserved 1048576K
Event: 266.895 GC heap after
Heap after GC invocations=28 (full 3):
 PSYoungGen      total 451072K, used 5978K [0x00000000e0000000, 0x00000000fe480000, 0x0000000100000000)
  eden space 427008K, 0% used [0x00000000e0000000,0x00000000e0000000,0x00000000fa100000)
  from space 24064K, 24% used [0x00000000fa100000,0x00000000fa6d69d8,0x00000000fb880000)
  to   space 21504K, 0% used [0x00000000fcf80000,0x00000000fcf80000,0x00000000fe480000)
 ParOldGen       total 80384K, used 62692K [0x00000000a0000000, 0x00000000a4e80000, 0x00000000e0000000)
  object space 80384K, 77% used [0x00000000a0000000,0x00000000a3d393a8,0x00000000a4e80000)
 Metaspace       used 82152K, capacity 85158K, committed 85504K, reserved 1124352K
  class space    used 10583K, capacity 11193K, committed 11264K, reserved 1048576K
}

