# JRE version: OpenJDK Runtime Environment (8.0_152-b06) (build 1.8.0_152-release-1136-b06)
# Java VM: OpenJDK 64-Bit Server VM (25.152-b06 mixed mode windows-amd64 compressed oops)
Heap:
 PSYoungGen      total 210944K, used 22171K [0x00000000e0000000, 0x00000000f0200000, 0x0000000100000000)
  eden space 192512K, 6% used [0x00000000e0000000,0x00000000e0ce9588,0x00000000ebc00000)
  from space 18432K, 48% used [0x00000000ebc00000,0x00000000ec4bd828,0x00000000ece00000)
  to   space 17408K, 0% used [0x00000000ef100000,0x00000000ef100000,0x00000000f0200000)
 ParOldGen       total 95232K, used 38599K [0x00000000a0000000, 0x00000000a5d00000, 0x00000000e0000000)
  object space 95232K, 40% used [0x00000000a0000000,0x00000000a25b1f50,0x00000000a5d00000)
 Metaspace       used 65021K, capacity 66876K, committed 67072K, reserved 1107968K
  class space    used 8446K, capacity 8892K, committed 8960K, reserved 1048576K
GC Heap History (10 events):
Event: 28.921 GC heap before
{Heap before GC invocations=14 (full 2):
 PSYoungGen      total 131584K, used 131569K [0x00000000e0000000, 0x00000000eb700000, 0x0000000100000000)
  eden space 120320K, 100% used [0x00000000e0000000,0x00000000e7580000,0x00000000e7580000)
  from space 11264K, 99% used [0x00000000e7580000,0x00000000e807c7f8,0x00000000e8080000)
  to   space 13824K, 0% used [0x00000000ea980000,0x00000000ea980000,0x00000000eb700000)
 ParOldGen       total 52736K, used 17325K [0x00000000a0000000, 0x00000000a3380000, 0x00000000e0000000)
  object space 52736K, 32% used [0x00000000a0000000,0x00000000a10eb578,0x00000000a3380000)
 Metaspace       used 53010K, capacity 54524K, committed 54784K, reserved 1095680K
  class space    used 7190K, capacity 7569K, committed 7680K, reserved 1048576K
Event: 28.977 GC heap after
Heap after GC invocations=14 (full 2):
 PSYoungGen      total 168960K, used 13806K [0x00000000e0000000, 0x00000000ebc80000, 0x0000000100000000)
  eden space 155136K, 0% used [0x00000000e0000000,0x00000000e0000000,0x00000000e9780000)
  from space 13824K, 99% used [0x00000000ea980000,0x00000000eb6fb9a0,0x00000000eb700000)
  to   space 18432K, 0% used [0x00000000e9780000,0x00000000e9780000,0x00000000ea980000)
 ParOldGen       total 52736K, used 24060K [0x00000000a0000000, 0x00000000a3380000, 0x00000000e0000000)
  object space 52736K, 45% used [0x00000000a0000000,0x00000000a177f048,0x00000000a3380000)
 Metaspace       used 53010K, capacity 54524K, committed 54784K, reserved 1095680K
  class space    used 7190K, capacity 7569K, committed 7680K, reserved 1048576K
}
Event: 39.065 GC heap before
{Heap before GC invocations=15 (full 2):
 PSYoungGen      total 168960K, used 145760K [0x00000000e0000000, 0x00000000ebc80000, 0x0000000100000000)
  eden space 155136K, 85% used [0x00000000e0000000,0x00000000e80dc980,0x00000000e9780000)
  from space 13824K, 99% used [0x00000000ea980000,0x00000000eb6fb9a0,0x00000000eb700000)
  to   space 18432K, 0% used [0x00000000e9780000,0x00000000e9780000,0x00000000ea980000)
 ParOldGen       total 52736K, used 24060K [0x00000000a0000000, 0x00000000a3380000, 0x00000000e0000000)
  object space 52736K, 45% used [0x00000000a0000000,0x00000000a177f048,0x00000000a3380000)
 Metaspace       used 57146K, capacity 58872K, committed 59008K, reserved 1099776K
  class space    used 7779K, capacity 8210K, committed 8320K, reserved 1048576K
Event: 39.241 GC heap after
Heap after GC invocations=15 (full 2):
 PSYoungGen      total 173568K, used 12001K [0x00000000e0000000, 0x00000000ee900000, 0x0000000100000000)
  eden space 155136K, 0% used [0x00000000e0000000,0x00000000e0000000,0x00000000e9780000)
  from space 18432K, 65% used [0x00000000e9780000,0x00000000ea338490,0x00000000ea980000)
  to   space 18944K, 0% used [0x00000000ed680000,0x00000000ed680000,0x00000000ee900000)
 ParOldGen       total 52736K, used 37790K [0x00000000a0000000, 0x00000000a3380000, 0x00000000e0000000)
  object space 52736K, 71% used [0x00000000a0000000,0x00000000a24e7948,0x00000000a3380000)
 Metaspace       used 57146K, capacity 58872K, committed 59008K, reserved 1099776K
  class space    used 7779K, capacity 8210K, committed 8320K, reserved 1048576K
}
Event: 39.241 GC heap before
{Heap before GC invocations=16 (full 3):
 PSYoungGen      total 173568K, used 12001K [0x00000000e0000000, 0x00000000ee900000, 0x0000000100000000)
  eden space 155136K, 0% used [0x00000000e0000000,0x00000000e0000000,0x00000000e9780000)
  from space 18432K, 65% used [0x00000000e9780000,0x00000000ea338490,0x00000000ea980000)
  to   space 18944K, 0% used [0x00000000ed680000,0x00000000ed680000,0x00000000ee900000)
 ParOldGen       total 52736K, used 37790K [0x00000000a0000000, 0x00000000a3380000, 0x00000000e0000000)
  object space 52736K, 71% used [0x00000000a0000000,0x00000000a24e7948,0x00000000a3380000)
 Metaspace       used 57146K, capacity 58872K, committed 59008K, reserved 1099776K
  class space    used 7779K, capacity 8210K, committed 8320K, reserved 1048576K
Event: 39.912 GC heap after
Heap after GC invocations=16 (full 3):
 PSYoungGen      total 173568K, used 0K [0x00000000e0000000, 0x00000000ee900000, 0x0000000100000000)
  eden space 155136K, 0% used [0x00000000e0000000,0x00000000e0000000,0x00000000e9780000)
  from space 18432K, 0% used [0x00000000e9780000,0x00000000e9780000,0x00000000ea980000)
  to   space 18944K, 0% used [0x00000000ed680000,0x00000000ed680000,0x00000000ee900000)
 ParOldGen       total 95232K, used 38583K [0x00000000a0000000, 0x00000000a5d00000, 0x00000000e0000000)
  object space 95232K, 40% used [0x00000000a0000000,0x00000000a25adf50,0x00000000a5d00000)
 Metaspace       used 57146K, capacity 58872K, committed 59008K, reserved 1099776K
  class space    used 7779K, capacity 8210K, committed 8320K, reserved 1048576K
}
Event: 133.519 GC heap before
{Heap before GC invocations=17 (full 3):
 PSYoungGen      total 173568K, used 155136K [0x00000000e0000000, 0x00000000ee900000, 0x0000000100000000)
  eden space 155136K, 100% used [0x00000000e0000000,0x00000000e9780000,0x00000000e9780000)
  from space 18432K, 0% used [0x00000000e9780000,0x00000000e9780000,0x00000000ea980000)
  to   space 18944K, 0% used [0x00000000ed680000,0x00000000ed680000,0x00000000ee900000)
 ParOldGen       total 95232K, used 38583K [0x00000000a0000000, 0x00000000a5d00000, 0x00000000e0000000)
  object space 95232K, 40% used [0x00000000a0000000,0x00000000a25adf50,0x00000000a5d00000)
 Metaspace       used 61470K, capacity 63276K, committed 63360K, reserved 1103872K
  class space    used 8107K, capacity 8528K, committed 8576K, reserved 1048576K
Event: 133.595 GC heap after
Heap after GC invocations=17 (full 3):
 PSYoungGen      total 201216K, used 9585K [0x00000000e0000000, 0x00000000ee000000, 0x0000000100000000)
  eden space 191488K, 0% used [0x00000000e0000000,0x00000000e0000000,0x00000000ebb00000)
  from space 9728K, 98% used [0x00000000ed680000,0x00000000edfdc4e0,0x00000000ee000000)
  to   space 18432K, 0% used [0x00000000ebc00000,0x00000000ebc00000,0x00000000ece00000)
 ParOldGen       total 95232K, used 38591K [0x00000000a0000000, 0x00000000a5d00000, 0x00000000e0000000)
  object space 95232K, 40% used [0x00000000a0000000,0x00000000a25aff50,0x00000000a5d00000)
 Metaspace       used 61470K, capacity 63276K, committed 63360K, reserved 1103872K
  class space    used 8107K, capacity 8528K, committed 8576K, reserved 1048576K
}
Event: 191.126 GC heap before
{Heap before GC invocations=18 (full 3):
 PSYoungGen      total 201216K, used 201073K [0x00000000e0000000, 0x00000000ee000000, 0x0000000100000000)
  eden space 191488K, 100% used [0x00000000e0000000,0x00000000ebb00000,0x00000000ebb00000)
  from space 9728K, 98% used [0x00000000ed680000,0x00000000edfdc4e0,0x00000000ee000000)
  to   space 18432K, 0% used [0x00000000ebc00000,0x00000000ebc00000,0x00000000ece00000)
 ParOldGen       total 95232K, used 38591K [0x00000000a0000000, 0x00000000a5d00000, 0x00000000e0000000)
  object space 95232K, 40% used [0x00000000a0000000,0x00000000a25aff50,0x00000000a5d00000)
 Metaspace       used 64832K, capacity 66676K, committed 67072K, reserved 1107968K
  class space    used 8434K, capacity 8892K, committed 8960K, reserved 1048576K
Event: 191.188 GC heap after
Heap after GC invocations=18 (full 3):
 PSYoungGen      total 210944K, used 8950K [0x00000000e0000000, 0x00000000f0200000, 0x0000000100000000)
  eden space 192512K, 0% used [0x00000000e0000000,0x00000000e0000000,0x00000000ebc00000)
  from space 18432K, 48% used [0x00000000ebc00000,0x00000000ec4bd828,0x00000000ece00000)
  to   space 17408K, 0% used [0x00000000ef100000,0x00000000ef100000,0x00000000f0200000)
 ParOldGen       total 95232K, used 38599K [0x00000000a0000000, 0x00000000a5d00000, 0x00000000e0000000)
  object space 95232K, 40% used [0x00000000a0000000,0x00000000a25b1f50,0x00000000a5d00000)
 Metaspace       used 64832K, capacity 66676K, committed 67072K, reserved 1107968K
  class space    used 8434K, capacity 8892K, committed 8960K, reserved 1048576K
}

