# JRE version: OpenJDK Runtime Environment (8.0_152-b06) (build 1.8.0_152-release-1136-b06)
# Java VM: OpenJDK 64-Bit Server VM (25.152-b06 mixed mode windows-amd64 compressed oops)
Heap:
 PSYoungGen      total 176640K, used 146343K [0x00000000e0000000, 0x00000000eed80000, 0x0000000100000000)
  eden space 161280K, 90% used [0x00000000e0000000,0x00000000e8ee9f18,0x00000000e9d80000)
  from space 15360K, 0% used [0x00000000e9d80000,0x00000000e9d80000,0x00000000eac80000)
  to   space 18944K, 0% used [0x00000000edb00000,0x00000000edb00000,0x00000000eed80000)
 ParOldGen       total 97792K, used 42848K [0x00000000a0000000, 0x00000000a5f80000, 0x00000000e0000000)
  object space 97792K, 43% used [0x00000000a0000000,0x00000000a29d83c0,0x00000000a5f80000)
 Metaspace       used 60193K, capacity 62428K, committed 62612K, reserved 1103872K
  class space    used 8189K, capacity 8776K, committed 8852K, reserved 1048576K
GC Heap History (10 events):
Event: 23.796 GC heap before
{Heap before GC invocations=12 (full 2):
 PSYoungGen      total 137728K, used 7512K [0x00000000e0000000, 0x00000000eb780000, 0x0000000100000000)
  eden space 126464K, 0% used [0x00000000e0000000,0x00000000e0000000,0x00000000e7b80000)
  from space 11264K, 66% used [0x00000000e8680000,0x00000000e8dd6398,0x00000000e9180000)
  to   space 11264K, 0% used [0x00000000e7b80000,0x00000000e7b80000,0x00000000e8680000)
 ParOldGen       total 36864K, used 17396K [0x00000000a0000000, 0x00000000a2400000, 0x00000000e0000000)
  object space 36864K, 47% used [0x00000000a0000000,0x00000000a10fd278,0x00000000a2400000)
 Metaspace       used 34629K, capacity 35318K, committed 35416K, reserved 1079296K
  class space    used 4858K, capacity 5116K, committed 5120K, reserved 1048576K
Event: 24.072 GC heap after
Heap after GC invocations=12 (full 2):
 PSYoungGen      total 137728K, used 0K [0x00000000e0000000, 0x00000000eb780000, 0x0000000100000000)
  eden space 126464K, 0% used [0x00000000e0000000,0x00000000e0000000,0x00000000e7b80000)
  from space 11264K, 0% used [0x00000000e8680000,0x00000000e8680000,0x00000000e9180000)
  to   space 11264K, 0% used [0x00000000e7b80000,0x00000000e7b80000,0x00000000e8680000)
 ParOldGen       total 54272K, used 16313K [0x00000000a0000000, 0x00000000a3500000, 0x00000000e0000000)
  object space 54272K, 30% used [0x00000000a0000000,0x00000000a0fee5e8,0x00000000a3500000)
 Metaspace       used 34629K, capacity 35318K, committed 35416K, reserved 1079296K
  class space    used 4858K, capacity 5116K, committed 5120K, reserved 1048576K
}
Event: 30.998 GC heap before
{Heap before GC invocations=13 (full 2):
 PSYoungGen      total 137728K, used 126464K [0x00000000e0000000, 0x00000000eb780000, 0x0000000100000000)
  eden space 126464K, 100% used [0x00000000e0000000,0x00000000e7b80000,0x00000000e7b80000)
  from space 11264K, 0% used [0x00000000e8680000,0x00000000e8680000,0x00000000e9180000)
  to   space 11264K, 0% used [0x00000000e7b80000,0x00000000e7b80000,0x00000000e8680000)
 ParOldGen       total 54272K, used 16313K [0x00000000a0000000, 0x00000000a3500000, 0x00000000e0000000)
  object space 54272K, 30% used [0x00000000a0000000,0x00000000a0fee5e8,0x00000000a3500000)
 Metaspace       used 42593K, capacity 43500K, committed 43776K, reserved 1087488K
  class space    used 5764K, capacity 6062K, committed 6144K, reserved 1048576K
Event: 31.044 GC heap after
Heap after GC invocations=13 (full 2):
 PSYoungGen      total 137728K, used 11253K [0x00000000e0000000, 0x00000000ebc80000, 0x0000000100000000)
  eden space 126464K, 0% used [0x00000000e0000000,0x00000000e0000000,0x00000000e7b80000)
  from space 11264K, 99% used [0x00000000e7b80000,0x00000000e867d6c0,0x00000000e8680000)
  to   space 14336K, 0% used [0x00000000eae80000,0x00000000eae80000,0x00000000ebc80000)
 ParOldGen       total 54272K, used 20163K [0x00000000a0000000, 0x00000000a3500000, 0x00000000e0000000)
  object space 54272K, 37% used [0x00000000a0000000,0x00000000a13b0fb8,0x00000000a3500000)
 Metaspace       used 42593K, capacity 43500K, committed 43776K, reserved 1087488K
  class space    used 5764K, capacity 6062K, committed 6144K, reserved 1048576K
}
Event: 39.091 GC heap before
{Heap before GC invocations=14 (full 2):
 PSYoungGen      total 137728K, used 137717K [0x00000000e0000000, 0x00000000ebc80000, 0x0000000100000000)
  eden space 126464K, 100% used [0x00000000e0000000,0x00000000e7b80000,0x00000000e7b80000)
  from space 11264K, 99% used [0x00000000e7b80000,0x00000000e867d6c0,0x00000000e8680000)
  to   space 14336K, 0% used [0x00000000eae80000,0x00000000eae80000,0x00000000ebc80000)
 ParOldGen       total 54272K, used 20163K [0x00000000a0000000, 0x00000000a3500000, 0x00000000e0000000)
  object space 54272K, 37% used [0x00000000a0000000,0x00000000a13b0fb8,0x00000000a3500000)
 Metaspace       used 54071K, capacity 55764K, committed 55936K, reserved 1097728K
  class space    used 7362K, capacity 7808K, committed 7808K, reserved 1048576K
Event: 39.159 GC heap after
Heap after GC invocations=14 (full 2):
 PSYoungGen      total 174592K, used 12012K [0x00000000e0000000, 0x00000000ebb80000, 0x0000000100000000)
  eden space 161280K, 0% used [0x00000000e0000000,0x00000000e0000000,0x00000000e9d80000)
  from space 13312K, 90% used [0x00000000eae80000,0x00000000eba3b370,0x00000000ebb80000)
  to   space 15360K, 0% used [0x00000000e9d80000,0x00000000e9d80000,0x00000000eac80000)
 ParOldGen       total 54272K, used 29747K [0x00000000a0000000, 0x00000000a3500000, 0x00000000e0000000)
  object space 54272K, 54% used [0x00000000a0000000,0x00000000a1d0cf20,0x00000000a3500000)
 Metaspace       used 54071K, capacity 55764K, committed 55936K, reserved 1097728K
  class space    used 7362K, capacity 7808K, committed 7808K, reserved 1048576K
}
Event: 44.209 GC heap before
{Heap before GC invocations=15 (full 2):
 PSYoungGen      total 174592K, used 153284K [0x00000000e0000000, 0x00000000ebb80000, 0x0000000100000000)
  eden space 161280K, 87% used [0x00000000e0000000,0x00000000e89f5fd8,0x00000000e9d80000)
  from space 13312K, 90% used [0x00000000eae80000,0x00000000eba3b370,0x00000000ebb80000)
  to   space 15360K, 0% used [0x00000000e9d80000,0x00000000e9d80000,0x00000000eac80000)
 ParOldGen       total 54272K, used 29747K [0x00000000a0000000, 0x00000000a3500000, 0x00000000e0000000)
  object space 54272K, 54% used [0x00000000a0000000,0x00000000a1d0cf20,0x00000000a3500000)
 Metaspace       used 57094K, capacity 58964K, committed 59028K, reserved 1099776K
  class space    used 7831K, capacity 8324K, committed 8340K, reserved 1048576K
Event: 44.281 GC heap after
Heap after GC invocations=15 (full 2):
 PSYoungGen      total 176640K, used 15345K [0x00000000e0000000, 0x00000000eed80000, 0x0000000100000000)
  eden space 161280K, 0% used [0x00000000e0000000,0x00000000e0000000,0x00000000e9d80000)
  from space 15360K, 99% used [0x00000000e9d80000,0x00000000eac7c6e0,0x00000000eac80000)
  to   space 18944K, 0% used [0x00000000edb00000,0x00000000edb00000,0x00000000eed80000)
 ParOldGen       total 54272K, used 33282K [0x00000000a0000000, 0x00000000a3500000, 0x00000000e0000000)
  object space 54272K, 61% used [0x00000000a0000000,0x00000000a2080b28,0x00000000a3500000)
 Metaspace       used 57094K, capacity 58964K, committed 59028K, reserved 1099776K
  class space    used 7831K, capacity 8324K, committed 8340K, reserved 1048576K
}
Event: 44.281 GC heap before
{Heap before GC invocations=16 (full 3):
 PSYoungGen      total 176640K, used 15345K [0x00000000e0000000, 0x00000000eed80000, 0x0000000100000000)
  eden space 161280K, 0% used [0x00000000e0000000,0x00000000e0000000,0x00000000e9d80000)
  from space 15360K, 99% used [0x00000000e9d80000,0x00000000eac7c6e0,0x00000000eac80000)
  to   space 18944K, 0% used [0x00000000edb00000,0x00000000edb00000,0x00000000eed80000)
 ParOldGen       total 54272K, used 33282K [0x00000000a0000000, 0x00000000a3500000, 0x00000000e0000000)
  object space 54272K, 61% used [0x00000000a0000000,0x00000000a2080b28,0x00000000a3500000)
 Metaspace       used 57094K, capacity 58964K, committed 59028K, reserved 1099776K
  class space    used 7831K, capacity 8324K, committed 8340K, reserved 1048576K
Event: 45.483 GC heap after
Heap after GC invocations=16 (full 3):
 PSYoungGen      total 176640K, used 0K [0x00000000e0000000, 0x00000000eed80000, 0x0000000100000000)
  eden space 161280K, 0% used [0x00000000e0000000,0x00000000e0000000,0x00000000e9d80000)
  from space 15360K, 0% used [0x00000000e9d80000,0x00000000e9d80000,0x00000000eac80000)
  to   space 18944K, 0% used [0x00000000edb00000,0x00000000edb00000,0x00000000eed80000)
 ParOldGen       total 97792K, used 42848K [0x00000000a0000000, 0x00000000a5f80000, 0x00000000e0000000)
  object space 97792K, 43% used [0x00000000a0000000,0x00000000a29d83c0,0x00000000a5f80000)
 Metaspace       used 57094K, capacity 58964K, committed 59028K, reserved 1099776K
  class space    used 7831K, capacity 8324K, committed 8340K, reserved 1048576K
}

