# JRE version: OpenJDK Runtime Environment (8.0_152-b06) (build 1.8.0_152-release-1136-b06)
# Java VM: OpenJDK 64-Bit Server VM (25.152-b06 mixed mode windows-amd64 compressed oops)
Heap:
 PSYoungGen      total 361472K, used 136617K [0x00000000e0000000, 0x00000000f9a00000, 0x0000000100000000)
  eden space 313856K, 40% used [0x00000000e0000000,0x00000000e7c90c38,0x00000000f3280000)
  from space 47616K, 19% used [0x00000000f5f00000,0x00000000f67d9a20,0x00000000f8d80000)
  to   space 45568K, 0% used [0x00000000f3280000,0x00000000f3280000,0x00000000f5f00000)
 ParOldGen       total 186368K, used 105372K [0x00000000a0000000, 0x00000000ab600000, 0x00000000e0000000)
  object space 186368K, 56% used [0x00000000a0000000,0x00000000a66e72e0,0x00000000ab600000)
 Metaspace       used 89757K, capacity 93206K, committed 93952K, reserved 1130496K
  class space    used 11167K, capacity 11888K, committed 12032K, reserved 1048576K
GC Heap History (10 events):
Event: 3251.760 GC heap before
{Heap before GC invocations=30 (full 4):
 PSYoungGen      total 248832K, used 198554K [0x00000000e0000000, 0x00000000f3d00000, 0x0000000100000000)
  eden space 195072K, 99% used [0x00000000e0000000,0x00000000ebd83740,0x00000000ebe80000)
  from space 53760K, 8% used [0x00000000ebe80000,0x00000000ec2e32f0,0x00000000ef300000)
  to   space 53248K, 0% used [0x00000000f0900000,0x00000000f0900000,0x00000000f3d00000)
 ParOldGen       total 186368K, used 104515K [0x00000000a0000000, 0x00000000ab600000, 0x00000000e0000000)
  object space 186368K, 56% used [0x00000000a0000000,0x00000000a6610da0,0x00000000ab600000)
 Metaspace       used 87523K, capacity 90494K, committed 92032K, reserved 1130496K
  class space    used 10899K, capacity 11545K, committed 11904K, reserved 1048576K
Event: 3251.775 GC heap after
Heap after GC invocations=30 (full 4):
 PSYoungGen      total 271872K, used 3609K [0x00000000e0000000, 0x00000000f4880000, 0x0000000100000000)
  eden space 218624K, 0% used [0x00000000e0000000,0x00000000e0000000,0x00000000ed580000)
  from space 53248K, 6% used [0x00000000f0900000,0x00000000f0c866f8,0x00000000f3d00000)
  to   space 52736K, 0% used [0x00000000ed580000,0x00000000ed580000,0x00000000f0900000)
 ParOldGen       total 186368K, used 104515K [0x00000000a0000000, 0x00000000ab600000, 0x00000000e0000000)
  object space 186368K, 56% used [0x00000000a0000000,0x00000000a6610da0,0x00000000ab600000)
 Metaspace       used 87523K, capacity 90494K, committed 92032K, reserved 1130496K
  class space    used 10899K, capacity 11545K, committed 11904K, reserved 1048576K
}
Event: 3251.911 GC heap before
{Heap before GC invocations=31 (full 4):
 PSYoungGen      total 271872K, used 221348K [0x00000000e0000000, 0x00000000f4880000, 0x0000000100000000)
  eden space 218624K, 99% used [0x00000000e0000000,0x00000000ed4a2a80,0x00000000ed580000)
  from space 53248K, 6% used [0x00000000f0900000,0x00000000f0c866f8,0x00000000f3d00000)
  to   space 52736K, 0% used [0x00000000ed580000,0x00000000ed580000,0x00000000f0900000)
 ParOldGen       total 186368K, used 104515K [0x00000000a0000000, 0x00000000ab600000, 0x00000000e0000000)
  object space 186368K, 56% used [0x00000000a0000000,0x00000000a6610da0,0x00000000ab600000)
 Metaspace       used 87524K, capacity 90494K, committed 92032K, reserved 1130496K
  class space    used 10899K, capacity 11545K, committed 11904K, reserved 1048576K
Event: 3251.942 GC heap after
Heap after GC invocations=31 (full 4):
 PSYoungGen      total 271360K, used 3060K [0x00000000e0000000, 0x00000000f6a00000, 0x0000000100000000)
  eden space 218624K, 0% used [0x00000000e0000000,0x00000000e0000000,0x00000000ed580000)
  from space 52736K, 5% used [0x00000000ed580000,0x00000000ed87d270,0x00000000f0900000)
  to   space 51712K, 0% used [0x00000000f3780000,0x00000000f3780000,0x00000000f6a00000)
 ParOldGen       total 186368K, used 104515K [0x00000000a0000000, 0x00000000ab600000, 0x00000000e0000000)
  object space 186368K, 56% used [0x00000000a0000000,0x00000000a6610da0,0x00000000ab600000)
 Metaspace       used 87524K, capacity 90494K, committed 92032K, reserved 1130496K
  class space    used 10899K, capacity 11545K, committed 11904K, reserved 1048576K
}
Event: 3499.815 GC heap before
{Heap before GC invocations=32 (full 4):
 PSYoungGen      total 271360K, used 221684K [0x00000000e0000000, 0x00000000f6a00000, 0x0000000100000000)
  eden space 218624K, 100% used [0x00000000e0000000,0x00000000ed580000,0x00000000ed580000)
  from space 52736K, 5% used [0x00000000ed580000,0x00000000ed87d270,0x00000000f0900000)
  to   space 51712K, 0% used [0x00000000f3780000,0x00000000f3780000,0x00000000f6a00000)
 ParOldGen       total 186368K, used 104515K [0x00000000a0000000, 0x00000000ab600000, 0x00000000e0000000)
  object space 186368K, 56% used [0x00000000a0000000,0x00000000a6610da0,0x00000000ab600000)
 Metaspace       used 88406K, capacity 91660K, committed 92672K, reserved 1130496K
  class space    used 11033K, capacity 11718K, committed 12032K, reserved 1048576K
Event: 3499.862 GC heap after
Heap after GC invocations=32 (full 4):
 PSYoungGen      total 307712K, used 4538K [0x00000000e0000000, 0x00000000f6300000, 0x0000000100000000)
  eden space 263168K, 0% used [0x00000000e0000000,0x00000000e0000000,0x00000000f0100000)
  from space 44544K, 10% used [0x00000000f3780000,0x00000000f3bee848,0x00000000f6300000)
  to   space 50176K, 0% used [0x00000000f0100000,0x00000000f0100000,0x00000000f3200000)
 ParOldGen       total 186368K, used 105036K [0x00000000a0000000, 0x00000000ab600000, 0x00000000e0000000)
  object space 186368K, 56% used [0x00000000a0000000,0x00000000a66932d0,0x00000000ab600000)
 Metaspace       used 88406K, capacity 91660K, committed 92672K, reserved 1130496K
  class space    used 11033K, capacity 11718K, committed 12032K, reserved 1048576K
}
Event: 3525.183 GC heap before
{Heap before GC invocations=33 (full 4):
 PSYoungGen      total 307712K, used 267151K [0x00000000e0000000, 0x00000000f6300000, 0x0000000100000000)
  eden space 263168K, 99% used [0x00000000e0000000,0x00000000f0075400,0x00000000f0100000)
  from space 44544K, 10% used [0x00000000f3780000,0x00000000f3bee848,0x00000000f6300000)
  to   space 50176K, 0% used [0x00000000f0100000,0x00000000f0100000,0x00000000f3200000)
 ParOldGen       total 186368K, used 105036K [0x00000000a0000000, 0x00000000ab600000, 0x00000000e0000000)
  object space 186368K, 56% used [0x00000000a0000000,0x00000000a66932d0,0x00000000ab600000)
 Metaspace       used 88707K, capacity 92030K, committed 92928K, reserved 1130496K
  class space    used 11079K, capacity 11768K, committed 12032K, reserved 1048576K
Event: 3525.222 GC heap after
Heap after GC invocations=33 (full 4):
 PSYoungGen      total 313344K, used 9820K [0x00000000e0000000, 0x00000000f8d80000, 0x0000000100000000)
  eden space 263168K, 0% used [0x00000000e0000000,0x00000000e0000000,0x00000000f0100000)
  from space 50176K, 19% used [0x00000000f0100000,0x00000000f0a97200,0x00000000f3200000)
  to   space 47616K, 0% used [0x00000000f5f00000,0x00000000f5f00000,0x00000000f8d80000)
 ParOldGen       total 186368K, used 105364K [0x00000000a0000000, 0x00000000ab600000, 0x00000000e0000000)
  object space 186368K, 56% used [0x00000000a0000000,0x00000000a66e52e0,0x00000000ab600000)
 Metaspace       used 88707K, capacity 92030K, committed 92928K, reserved 1130496K
  class space    used 11079K, capacity 11768K, committed 12032K, reserved 1048576K
}
Event: 3525.379 GC heap before
{Heap before GC invocations=34 (full 4):
 PSYoungGen      total 313344K, used 272674K [0x00000000e0000000, 0x00000000f8d80000, 0x0000000100000000)
  eden space 263168K, 99% used [0x00000000e0000000,0x00000000f00b17f8,0x00000000f0100000)
  from space 50176K, 19% used [0x00000000f0100000,0x00000000f0a97200,0x00000000f3200000)
  to   space 47616K, 0% used [0x00000000f5f00000,0x00000000f5f00000,0x00000000f8d80000)
 ParOldGen       total 186368K, used 105364K [0x00000000a0000000, 0x00000000ab600000, 0x00000000e0000000)
  object space 186368K, 56% used [0x00000000a0000000,0x00000000a66e52e0,0x00000000ab600000)
 Metaspace       used 88707K, capacity 92030K, committed 92928K, reserved 1130496K
  class space    used 11079K, capacity 11768K, committed 12032K, reserved 1048576K
Event: 3525.480 GC heap after
Heap after GC invocations=34 (full 4):
 PSYoungGen      total 361472K, used 9062K [0x00000000e0000000, 0x00000000f9a00000, 0x0000000100000000)
  eden space 313856K, 0% used [0x00000000e0000000,0x00000000e0000000,0x00000000f3280000)
  from space 47616K, 19% used [0x00000000f5f00000,0x00000000f67d9a20,0x00000000f8d80000)
  to   space 45568K, 0% used [0x00000000f3280000,0x00000000f3280000,0x00000000f5f00000)
 ParOldGen       total 186368K, used 105372K [0x00000000a0000000, 0x00000000ab600000, 0x00000000e0000000)
  object space 186368K, 56% used [0x00000000a0000000,0x00000000a66e72e0,0x00000000ab600000)
 Metaspace       used 88707K, capacity 92030K, committed 92928K, reserved 1130496K
  class space    used 11079K, capacity 11768K, committed 12032K, reserved 1048576K
}

