# JRE version: OpenJDK Runtime Environment (8.0_152-b06) (build 1.8.0_152-release-1136-b06)
# Java VM: OpenJDK 64-Bit Server VM (25.152-b06 mixed mode windows-amd64 compressed oops)
Heap:
 PSYoungGen      total 327168K, used 265830K [0x00000000e0000000, 0x00000000faa80000, 0x0000000100000000)
  eden space 307200K, 83% used [0x00000000e0000000,0x00000000ef944670,0x00000000f2c00000)
  from space 19968K, 52% used [0x00000000f2c00000,0x00000000f3655210,0x00000000f3f80000)
  to   space 19456K, 0% used [0x00000000f9780000,0x00000000f9780000,0x00000000faa80000)
 ParOldGen       total 83456K, used 62516K [0x00000000a0000000, 0x00000000a5180000, 0x00000000e0000000)
  object space 83456K, 74% used [0x00000000a0000000,0x00000000a3d0d3f0,0x00000000a5180000)
 Metaspace       used 73947K, capacity 76272K, committed 76504K, reserved 1116160K
  class space    used 9460K, capacity 9980K, committed 9984K, reserved 1048576K
GC Heap History (10 events):
Event: 160.697 GC heap before
{Heap before GC invocations=16 (full 3):
 PSYoungGen      total 191488K, used 12167K [0x00000000e0000000, 0x00000000f0b00000, 0x0000000100000000)
  eden space 176128K, 0% used [0x00000000e0000000,0x00000000e0000000,0x00000000eac00000)
  from space 15360K, 79% used [0x00000000eac00000,0x00000000eb7e1f20,0x00000000ebb00000)
  to   space 16384K, 0% used [0x00000000efb00000,0x00000000efb00000,0x00000000f0b00000)
 ParOldGen       total 47104K, used 32405K [0x00000000a0000000, 0x00000000a2e00000, 0x00000000e0000000)
  object space 47104K, 68% used [0x00000000a0000000,0x00000000a1fa5470,0x00000000a2e00000)
 Metaspace       used 57403K, capacity 58932K, committed 59028K, reserved 1099776K
  class space    used 7773K, capacity 8158K, committed 8192K, reserved 1048576K
Event: 161.550 GC heap after
Heap after GC invocations=16 (full 3):
 PSYoungGen      total 191488K, used 0K [0x00000000e0000000, 0x00000000f0b00000, 0x0000000100000000)
  eden space 176128K, 0% used [0x00000000e0000000,0x00000000e0000000,0x00000000eac00000)
  from space 15360K, 0% used [0x00000000eac00000,0x00000000eac00000,0x00000000ebb00000)
  to   space 16384K, 0% used [0x00000000efb00000,0x00000000efb00000,0x00000000f0b00000)
 ParOldGen       total 83456K, used 39790K [0x00000000a0000000, 0x00000000a5180000, 0x00000000e0000000)
  object space 83456K, 47% used [0x00000000a0000000,0x00000000a26db9c0,0x00000000a5180000)
 Metaspace       used 57403K, capacity 58932K, committed 59028K, reserved 1099776K
  class space    used 7773K, capacity 8158K, committed 8192K, reserved 1048576K
}
Event: 283.969 GC heap before
{Heap before GC invocations=17 (full 3):
 PSYoungGen      total 191488K, used 176128K [0x00000000e0000000, 0x00000000f0b00000, 0x0000000100000000)
  eden space 176128K, 100% used [0x00000000e0000000,0x00000000eac00000,0x00000000eac00000)
  from space 15360K, 0% used [0x00000000eac00000,0x00000000eac00000,0x00000000ebb00000)
  to   space 16384K, 0% used [0x00000000efb00000,0x00000000efb00000,0x00000000f0b00000)
 ParOldGen       total 83456K, used 39790K [0x00000000a0000000, 0x00000000a5180000, 0x00000000e0000000)
  object space 83456K, 47% used [0x00000000a0000000,0x00000000a26db9c0,0x00000000a5180000)
 Metaspace       used 60552K, capacity 62118K, committed 62296K, reserved 1103872K
  class space    used 8064K, capacity 8451K, committed 8576K, reserved 1048576K
Event: 284.030 GC heap after
Heap after GC invocations=17 (full 3):
 PSYoungGen      total 254464K, used 16377K [0x00000000e0000000, 0x00000000f0f80000, 0x0000000100000000)
  eden space 238080K, 0% used [0x00000000e0000000,0x00000000e0000000,0x00000000ee880000)
  from space 16384K, 99% used [0x00000000efb00000,0x00000000f0afe450,0x00000000f0b00000)
  to   space 18944K, 0% used [0x00000000ee880000,0x00000000ee880000,0x00000000efb00000)
 ParOldGen       total 83456K, used 40365K [0x00000000a0000000, 0x00000000a5180000, 0x00000000e0000000)
  object space 83456K, 48% used [0x00000000a0000000,0x00000000a276b4f8,0x00000000a5180000)
 Metaspace       used 60552K, capacity 62118K, committed 62296K, reserved 1103872K
  class space    used 8064K, capacity 8451K, committed 8576K, reserved 1048576K
}
Event: 1667.841 GC heap before
{Heap before GC invocations=18 (full 3):
 PSYoungGen      total 254464K, used 254457K [0x00000000e0000000, 0x00000000f0f80000, 0x0000000100000000)
  eden space 238080K, 100% used [0x00000000e0000000,0x00000000ee880000,0x00000000ee880000)
  from space 16384K, 99% used [0x00000000efb00000,0x00000000f0afe450,0x00000000f0b00000)
  to   space 18944K, 0% used [0x00000000ee880000,0x00000000ee880000,0x00000000efb00000)
 ParOldGen       total 83456K, used 40365K [0x00000000a0000000, 0x00000000a5180000, 0x00000000e0000000)
  object space 83456K, 48% used [0x00000000a0000000,0x00000000a276b4f8,0x00000000a5180000)
 Metaspace       used 66050K, capacity 67916K, committed 68184K, reserved 1107968K
  class space    used 8532K, capacity 8990K, committed 9088K, reserved 1048576K
Event: 1667.946 GC heap after
Heap after GC invocations=18 (full 3):
 PSYoungGen      total 257024K, used 13005K [0x00000000e0000000, 0x00000000f5900000, 0x0000000100000000)
  eden space 238080K, 0% used [0x00000000e0000000,0x00000000e0000000,0x00000000ee880000)
  from space 18944K, 68% used [0x00000000ee880000,0x00000000ef5334f8,0x00000000efb00000)
  to   space 19456K, 0% used [0x00000000f4600000,0x00000000f4600000,0x00000000f5900000)
 ParOldGen       total 83456K, used 56329K [0x00000000a0000000, 0x00000000a5180000, 0x00000000e0000000)
  object space 83456K, 67% used [0x00000000a0000000,0x00000000a3702788,0x00000000a5180000)
 Metaspace       used 66050K, capacity 67916K, committed 68184K, reserved 1107968K
  class space    used 8532K, capacity 8990K, committed 9088K, reserved 1048576K
}
Event: 1725.534 GC heap before
{Heap before GC invocations=19 (full 3):
 PSYoungGen      total 257024K, used 250448K [0x00000000e0000000, 0x00000000f5900000, 0x0000000100000000)
  eden space 238080K, 99% used [0x00000000e0000000,0x00000000ee7e0d78,0x00000000ee880000)
  from space 18944K, 68% used [0x00000000ee880000,0x00000000ef5334f8,0x00000000efb00000)
  to   space 19456K, 0% used [0x00000000f4600000,0x00000000f4600000,0x00000000f5900000)
 ParOldGen       total 83456K, used 56329K [0x00000000a0000000, 0x00000000a5180000, 0x00000000e0000000)
  object space 83456K, 67% used [0x00000000a0000000,0x00000000a3702788,0x00000000a5180000)
 Metaspace       used 72975K, capacity 75104K, committed 75352K, reserved 1114112K
  class space    used 9318K, capacity 9806K, committed 9856K, reserved 1048576K
Event: 1725.599 GC heap after
Heap after GC invocations=19 (full 3):
 PSYoungGen      total 318464K, used 12985K [0x00000000e0000000, 0x00000000f5300000, 0x0000000100000000)
  eden space 305152K, 0% used [0x00000000e0000000,0x00000000e0000000,0x00000000f2a00000)
  from space 13312K, 97% used [0x00000000f4600000,0x00000000f52ae508,0x00000000f5300000)
  to   space 19968K, 0% used [0x00000000f2c00000,0x00000000f2c00000,0x00000000f3f80000)
 ParOldGen       total 83456K, used 62508K [0x00000000a0000000, 0x00000000a5180000, 0x00000000e0000000)
  object space 83456K, 74% used [0x00000000a0000000,0x00000000a3d0b3f0,0x00000000a5180000)
 Metaspace       used 72975K, capacity 75104K, committed 75352K, reserved 1114112K
  class space    used 9318K, capacity 9806K, committed 9856K, reserved 1048576K
}
Event: 1725.773 GC heap before
{Heap before GC invocations=20 (full 3):
 PSYoungGen      total 318464K, used 318031K [0x00000000e0000000, 0x00000000f5300000, 0x0000000100000000)
  eden space 305152K, 99% used [0x00000000e0000000,0x00000000f29e5768,0x00000000f2a00000)
  from space 13312K, 97% used [0x00000000f4600000,0x00000000f52ae508,0x00000000f5300000)
  to   space 19968K, 0% used [0x00000000f2c00000,0x00000000f2c00000,0x00000000f3f80000)
 ParOldGen       total 83456K, used 62508K [0x00000000a0000000, 0x00000000a5180000, 0x00000000e0000000)
  object space 83456K, 74% used [0x00000000a0000000,0x00000000a3d0b3f0,0x00000000a5180000)
 Metaspace       used 72986K, capacity 75104K, committed 75352K, reserved 1114112K
  class space    used 9318K, capacity 9806K, committed 9856K, reserved 1048576K
Event: 1725.809 GC heap after
Heap after GC invocations=20 (full 3):
 PSYoungGen      total 327168K, used 10580K [0x00000000e0000000, 0x00000000faa80000, 0x0000000100000000)
  eden space 307200K, 0% used [0x00000000e0000000,0x00000000e0000000,0x00000000f2c00000)
  from space 19968K, 52% used [0x00000000f2c00000,0x00000000f3655210,0x00000000f3f80000)
  to   space 19456K, 0% used [0x00000000f9780000,0x00000000f9780000,0x00000000faa80000)
 ParOldGen       total 83456K, used 62516K [0x00000000a0000000, 0x00000000a5180000, 0x00000000e0000000)
  object space 83456K, 74% used [0x00000000a0000000,0x00000000a3d0d3f0,0x00000000a5180000)
 Metaspace       used 72986K, capacity 75104K, committed 75352K, reserved 1114112K
  class space    used 9318K, capacity 9806K, committed 9856K, reserved 1048576K
}

