# JRE version: OpenJDK Runtime Environment (8.0_152-b06) (build 1.8.0_152-release-1136-b06)
# Java VM: OpenJDK 64-Bit Server VM (25.152-b06 mixed mode windows-amd64 compressed oops)
Heap:
 PSYoungGen      total 229376K, used 107212K [0x00000000e0000000, 0x00000000ef980000, 0x0000000100000000)
  eden space 212992K, 42% used [0x00000000e0000000,0x00000000e58b8e88,0x00000000ed000000)
  from space 16384K, 99% used [0x00000000ee280000,0x00000000ef27a3e0,0x00000000ef280000)
  to   space 18944K, 0% used [0x00000000ed000000,0x00000000ed000000,0x00000000ee280000)
 ParOldGen       total 86528K, used 40593K [0x00000000a0000000, 0x00000000a5480000, 0x00000000e0000000)
  object space 86528K, 46% used [0x00000000a0000000,0x00000000a27a44d0,0x00000000a5480000)
 Metaspace       used 61529K, capacity 63244K, committed 63448K, reserved 1103872K
  class space    used 8176K, capacity 8588K, committed 8704K, reserved 1048576K
GC Heap History (10 events):
Event: 18.546 GC heap before
{Heap before GC invocations=13 (full 2):
 PSYoungGen      total 131072K, used 119808K [0x00000000e0000000, 0x00000000ebf80000, 0x0000000100000000)
  eden space 119808K, 100% used [0x00000000e0000000,0x00000000e7500000,0x00000000e7500000)
  from space 11264K, 0% used [0x00000000e8000000,0x00000000e8000000,0x00000000e8b00000)
  to   space 11264K, 0% used [0x00000000e7500000,0x00000000e7500000,0x00000000e8000000)
 ParOldGen       total 49152K, used 14125K [0x00000000a0000000, 0x00000000a3000000, 0x00000000e0000000)
  object space 49152K, 28% used [0x00000000a0000000,0x00000000a0dcb620,0x00000000a3000000)
 Metaspace       used 41548K, capacity 42286K, committed 42456K, reserved 1085440K
  class space    used 5590K, capacity 5840K, committed 5888K, reserved 1048576K
Event: 18.631 GC heap after
Heap after GC invocations=13 (full 2):
 PSYoungGen      total 131072K, used 11240K [0x00000000e0000000, 0x00000000ebd80000, 0x0000000100000000)
  eden space 119808K, 0% used [0x00000000e0000000,0x00000000e0000000,0x00000000e7500000)
  from space 11264K, 99% used [0x00000000e7500000,0x00000000e7ffa000,0x00000000e8000000)
  to   space 13824K, 0% used [0x00000000eb000000,0x00000000eb000000,0x00000000ebd80000)
 ParOldGen       total 49152K, used 16761K [0x00000000a0000000, 0x00000000a3000000, 0x00000000e0000000)
  object space 49152K, 34% used [0x00000000a0000000,0x00000000a105e410,0x00000000a3000000)
 Metaspace       used 41548K, capacity 42286K, committed 42456K, reserved 1085440K
  class space    used 5590K, capacity 5840K, committed 5888K, reserved 1048576K
}
Event: 23.867 GC heap before
{Heap before GC invocations=14 (full 2):
 PSYoungGen      total 131072K, used 131048K [0x00000000e0000000, 0x00000000ebd80000, 0x0000000100000000)
  eden space 119808K, 100% used [0x00000000e0000000,0x00000000e7500000,0x00000000e7500000)
  from space 11264K, 99% used [0x00000000e7500000,0x00000000e7ffa000,0x00000000e8000000)
  to   space 13824K, 0% used [0x00000000eb000000,0x00000000eb000000,0x00000000ebd80000)
 ParOldGen       total 49152K, used 16761K [0x00000000a0000000, 0x00000000a3000000, 0x00000000e0000000)
  object space 49152K, 34% used [0x00000000a0000000,0x00000000a105e410,0x00000000a3000000)
 Metaspace       used 52439K, capacity 53814K, committed 54104K, reserved 1095680K
  class space    used 7104K, capacity 7470K, committed 7552K, reserved 1048576K
Event: 23.986 GC heap after
Heap after GC invocations=14 (full 2):
 PSYoungGen      total 176128K, used 11316K [0x00000000e0000000, 0x00000000ebc80000, 0x0000000100000000)
  eden space 163328K, 0% used [0x00000000e0000000,0x00000000e0000000,0x00000000e9f80000)
  from space 12800K, 88% used [0x00000000eb000000,0x00000000ebb0d2a8,0x00000000ebc80000)
  to   space 14848K, 0% used [0x00000000e9f80000,0x00000000e9f80000,0x00000000eae00000)
 ParOldGen       total 49152K, used 26073K [0x00000000a0000000, 0x00000000a3000000, 0x00000000e0000000)
  object space 49152K, 53% used [0x00000000a0000000,0x00000000a1976588,0x00000000a3000000)
 Metaspace       used 52439K, capacity 53814K, committed 54104K, reserved 1095680K
  class space    used 7104K, capacity 7470K, committed 7552K, reserved 1048576K
}
Event: 151.887 GC heap before
{Heap before GC invocations=15 (full 2):
 PSYoungGen      total 176128K, used 155791K [0x00000000e0000000, 0x00000000ebc80000, 0x0000000100000000)
  eden space 163328K, 88% used [0x00000000e0000000,0x00000000e8d16cd8,0x00000000e9f80000)
  from space 12800K, 88% used [0x00000000eb000000,0x00000000ebb0d2a8,0x00000000ebc80000)
  to   space 14848K, 0% used [0x00000000e9f80000,0x00000000e9f80000,0x00000000eae00000)
 ParOldGen       total 49152K, used 26073K [0x00000000a0000000, 0x00000000a3000000, 0x00000000e0000000)
  object space 49152K, 53% used [0x00000000a0000000,0x00000000a1976588,0x00000000a3000000)
 Metaspace       used 57334K, capacity 58940K, committed 59028K, reserved 1099776K
  class space    used 7777K, capacity 8160K, committed 8192K, reserved 1048576K
Event: 151.963 GC heap after
Heap after GC invocations=15 (full 2):
 PSYoungGen      total 178176K, used 13631K [0x00000000e0000000, 0x00000000ef280000, 0x0000000100000000)
  eden space 163328K, 0% used [0x00000000e0000000,0x00000000e0000000,0x00000000e9f80000)
  from space 14848K, 91% used [0x00000000e9f80000,0x00000000eaccfe08,0x00000000eae00000)
  to   space 16384K, 0% used [0x00000000ee280000,0x00000000ee280000,0x00000000ef280000)
 ParOldGen       total 49152K, used 30551K [0x00000000a0000000, 0x00000000a3000000, 0x00000000e0000000)
  object space 49152K, 62% used [0x00000000a0000000,0x00000000a1dd5d30,0x00000000a3000000)
 Metaspace       used 57334K, capacity 58940K, committed 59028K, reserved 1099776K
  class space    used 7777K, capacity 8160K, committed 8192K, reserved 1048576K
}
Event: 151.963 GC heap before
{Heap before GC invocations=16 (full 3):
 PSYoungGen      total 178176K, used 13631K [0x00000000e0000000, 0x00000000ef280000, 0x0000000100000000)
  eden space 163328K, 0% used [0x00000000e0000000,0x00000000e0000000,0x00000000e9f80000)
  from space 14848K, 91% used [0x00000000e9f80000,0x00000000eaccfe08,0x00000000eae00000)
  to   space 16384K, 0% used [0x00000000ee280000,0x00000000ee280000,0x00000000ef280000)
 ParOldGen       total 49152K, used 30551K [0x00000000a0000000, 0x00000000a3000000, 0x00000000e0000000)
  object space 49152K, 62% used [0x00000000a0000000,0x00000000a1dd5d30,0x00000000a3000000)
 Metaspace       used 57334K, capacity 58940K, committed 59028K, reserved 1099776K
  class space    used 7777K, capacity 8160K, committed 8192K, reserved 1048576K
Event: 152.591 GC heap after
Heap after GC invocations=16 (full 3):
 PSYoungGen      total 178176K, used 0K [0x00000000e0000000, 0x00000000ef280000, 0x0000000100000000)
  eden space 163328K, 0% used [0x00000000e0000000,0x00000000e0000000,0x00000000e9f80000)
  from space 14848K, 0% used [0x00000000e9f80000,0x00000000e9f80000,0x00000000eae00000)
  to   space 16384K, 0% used [0x00000000ee280000,0x00000000ee280000,0x00000000ef280000)
 ParOldGen       total 86528K, used 39982K [0x00000000a0000000, 0x00000000a5480000, 0x00000000e0000000)
  object space 86528K, 46% used [0x00000000a0000000,0x00000000a270ba70,0x00000000a5480000)
 Metaspace       used 57334K, capacity 58940K, committed 59028K, reserved 1099776K
  class space    used 7777K, capacity 8160K, committed 8192K, reserved 1048576K
}
Event: 172.621 GC heap before
{Heap before GC invocations=17 (full 3):
 PSYoungGen      total 178176K, used 163328K [0x00000000e0000000, 0x00000000ef280000, 0x0000000100000000)
  eden space 163328K, 100% used [0x00000000e0000000,0x00000000e9f80000,0x00000000e9f80000)
  from space 14848K, 0% used [0x00000000e9f80000,0x00000000e9f80000,0x00000000eae00000)
  to   space 16384K, 0% used [0x00000000ee280000,0x00000000ee280000,0x00000000ef280000)
 ParOldGen       total 86528K, used 39982K [0x00000000a0000000, 0x00000000a5480000, 0x00000000e0000000)
  object space 86528K, 46% used [0x00000000a0000000,0x00000000a270ba70,0x00000000a5480000)
 Metaspace       used 60423K, capacity 62132K, committed 62552K, reserved 1103872K
  class space    used 8050K, capacity 8454K, committed 8576K, reserved 1048576K
Event: 172.673 GC heap after
Heap after GC invocations=17 (full 3):
 PSYoungGen      total 229376K, used 16360K [0x00000000e0000000, 0x00000000ef980000, 0x0000000100000000)
  eden space 212992K, 0% used [0x00000000e0000000,0x00000000e0000000,0x00000000ed000000)
  from space 16384K, 99% used [0x00000000ee280000,0x00000000ef27a3e0,0x00000000ef280000)
  to   space 18944K, 0% used [0x00000000ed000000,0x00000000ed000000,0x00000000ee280000)
 ParOldGen       total 86528K, used 40593K [0x00000000a0000000, 0x00000000a5480000, 0x00000000e0000000)
  object space 86528K, 46% used [0x00000000a0000000,0x00000000a27a44d0,0x00000000a5480000)
 Metaspace       used 60423K, capacity 62132K, committed 62552K, reserved 1103872K
  class space    used 8050K, capacity 8454K, committed 8576K, reserved 1048576K
}

